f:\users\walan\documents\github\projet-s2-p11\super2048\debug\vc142.pdb
f:\users\walan\documents\github\projet-s2-p11\super2048\debug\tuile.obj
f:\users\walan\documents\github\projet-s2-p11\super2048\debug\tableautuile.obj
f:\users\walan\documents\github\projet-s2-p11\super2048\debug\main.obj
f:\users\walan\documents\github\projet-s2-p11\super2048\debug\joueur.obj
f:\users\walan\documents\github\projet-s2-p11\super2048\debug\tableau.obj
f:\users\walan\documents\github\projet-s2-p11\super2048\debug\jeu.obj
f:\users\walan\documents\github\projet-s2-p11\super2048\debug\moc_predefs.h
f:\users\walan\documents\github\projet-s2-p11\super2048\debug\super2048.ilk
f:\users\walan\documents\github\projet-s2-p11\super2048\debug\super2048.exe
f:\users\walan\documents\github\projet-s2-p11\super2048\debug\super2048.pdb
f:\users\walan\documents\github\projet-s2-p11\super2048\debug\super2048.tlog\cl.command.1.tlog
f:\users\walan\documents\github\projet-s2-p11\super2048\debug\super2048.tlog\cl.read.1.tlog
f:\users\walan\documents\github\projet-s2-p11\super2048\debug\super2048.tlog\cl.write.1.tlog
f:\users\walan\documents\github\projet-s2-p11\super2048\debug\super2048.tlog\custombuild.command.1.tlog
f:\users\walan\documents\github\projet-s2-p11\super2048\debug\super2048.tlog\custombuild.read.1.tlog
f:\users\walan\documents\github\projet-s2-p11\super2048\debug\super2048.tlog\custombuild.write.1.tlog
f:\users\walan\documents\github\projet-s2-p11\super2048\debug\super2048.tlog\link.command.1.tlog
f:\users\walan\documents\github\projet-s2-p11\super2048\debug\super2048.tlog\link.read.1.tlog
f:\users\walan\documents\github\projet-s2-p11\super2048\debug\super2048.tlog\link.write.1.tlog
