  Generate moc_predefs.h
  Jeu.cpp
F:\Users\walan\Documents\GitHub\Projet-S2-P11\Backup\Super2048\Jeu.cpp(1,1): warning C4828: The file contains a character starting at offset 0x640 that is illegal in the current source character set (codepage 65001).
F:\Users\walan\Documents\GitHub\Projet-S2-P11\Backup\Super2048\Jeu.cpp(1,1): warning C4828: The file contains a character starting at offset 0xbfb that is illegal in the current source character set (codepage 65001).
F:\Users\walan\Documents\GitHub\Projet-S2-P11\Backup\Super2048\Jeu.cpp(1,1): warning C4828: The file contains a character starting at offset 0x114c that is illegal in the current source character set (codepage 65001).
F:\Users\walan\Documents\GitHub\Projet-S2-P11\Backup\Super2048\Jeu.cpp(1,1): warning C4828: The file contains a character starting at offset 0x11cb that is illegal in the current source character set (codepage 65001).
F:\Users\walan\Documents\GitHub\Projet-S2-P11\Backup\Super2048\Jeu.cpp(1,1): warning C4828: The file contains a character starting at offset 0x14f8 that is illegal in the current source character set (codepage 65001).
F:\Users\walan\Documents\GitHub\Projet-S2-P11\Backup\Super2048\Tableau.h(1,1): warning C4828: The file contains a character starting at offset 0x280 that is illegal in the current source character set (codepage 65001).
F:\Users\walan\Documents\GitHub\Projet-S2-P11\Backup\Super2048\Tableau.h(1,1): warning C4828: The file contains a character starting at offset 0x2af that is illegal in the current source character set (codepage 65001).
F:\Users\walan\Documents\GitHub\Projet-S2-P11\Backup\Super2048\Tableau.h(1,1): warning C4828: The file contains a character starting at offset 0x2d5 that is illegal in the current source character set (codepage 65001).
F:\Users\walan\Documents\GitHub\Projet-S2-P11\Backup\Super2048\Tableau.h(1,1): warning C4828: The file contains a character starting at offset 0x2e4 that is illegal in the current source character set (codepage 65001).
F:\Users\walan\Documents\GitHub\Projet-S2-P11\Backup\Super2048\Tableau.h(1,1): warning C4828: The file contains a character starting at offset 0x2ef that is illegal in the current source character set (codepage 65001).
F:\Users\walan\Documents\GitHub\Projet-S2-P11\Backup\Super2048\Tableau.h(1,1): warning C4828: The file contains a character starting at offset 0x39c that is illegal in the current source character set (codepage 65001).
  Tableau.cpp
F:\Users\walan\Documents\GitHub\Projet-S2-P11\Backup\Super2048\Tableau.h(1,1): warning C4828: The file contains a character starting at offset 0x280 that is illegal in the current source character set (codepage 65001).
F:\Users\walan\Documents\GitHub\Projet-S2-P11\Backup\Super2048\Tableau.h(1,1): warning C4828: The file contains a character starting at offset 0x2af that is illegal in the current source character set (codepage 65001).
F:\Users\walan\Documents\GitHub\Projet-S2-P11\Backup\Super2048\Tableau.h(1,1): warning C4828: The file contains a character starting at offset 0x2d5 that is illegal in the current source character set (codepage 65001).
F:\Users\walan\Documents\GitHub\Projet-S2-P11\Backup\Super2048\Tableau.h(1,1): warning C4828: The file contains a character starting at offset 0x2e4 that is illegal in the current source character set (codepage 65001).
F:\Users\walan\Documents\GitHub\Projet-S2-P11\Backup\Super2048\Tableau.h(1,1): warning C4828: The file contains a character starting at offset 0x2ef that is illegal in the current source character set (codepage 65001).
F:\Users\walan\Documents\GitHub\Projet-S2-P11\Backup\Super2048\Tableau.h(1,1): warning C4828: The file contains a character starting at offset 0x39c that is illegal in the current source character set (codepage 65001).
F:\Users\walan\Documents\GitHub\Projet-S2-P11\Backup\Super2048\Tableau.cpp(44,34): warning C4267: 'argument': conversion from 'size_t' to 'int', possible loss of data
F:\Users\walan\Documents\GitHub\Projet-S2-P11\Backup\Super2048\Tableau.cpp(358,34): warning C4267: 'argument': conversion from 'size_t' to 'int', possible loss of data
  joueur.cpp
F:\Users\walan\Documents\GitHub\Projet-S2-P11\Backup\Super2048\joueur.h(1,1): warning C4828: The file contains a character starting at offset 0xba that is illegal in the current source character set (codepage 65001).
F:\Users\walan\Documents\GitHub\Projet-S2-P11\Backup\Super2048\joueur.h(1,1): warning C4828: The file contains a character starting at offset 0xc7 that is illegal in the current source character set (codepage 65001).
  main.cpp
F:\Users\walan\Documents\GitHub\Projet-S2-P11\Backup\Super2048\main.cpp(1,1): warning C4828: The file contains a character starting at offset 0x10c that is illegal in the current source character set (codepage 65001).
F:\Users\walan\Documents\GitHub\Projet-S2-P11\Backup\Super2048\main.cpp(1,1): warning C4828: The file contains a character starting at offset 0x116 that is illegal in the current source character set (codepage 65001).
F:\Users\walan\Documents\GitHub\Projet-S2-P11\Backup\Super2048\main.cpp(1,1): warning C4828: The file contains a character starting at offset 0x231 that is illegal in the current source character set (codepage 65001).
F:\Users\walan\Documents\GitHub\Projet-S2-P11\Backup\Super2048\main.cpp(1,1): warning C4828: The file contains a character starting at offset 0x298 that is illegal in the current source character set (codepage 65001).
F:\Users\walan\Documents\GitHub\Projet-S2-P11\Backup\Super2048\main.cpp(1,1): warning C4828: The file contains a character starting at offset 0x342 that is illegal in the current source character set (codepage 65001).
F:\Users\walan\Documents\GitHub\Projet-S2-P11\Backup\Super2048\main.cpp(1,1): warning C4828: The file contains a character starting at offset 0x35f that is illegal in the current source character set (codepage 65001).
F:\Users\walan\Documents\GitHub\Projet-S2-P11\Backup\Super2048\main.cpp(1,1): warning C4828: The file contains a character starting at offset 0x4e6 that is illegal in the current source character set (codepage 65001).
F:\Users\walan\Documents\GitHub\Projet-S2-P11\Backup\Super2048\main.cpp(1,1): warning C4828: The file contains a character starting at offset 0x55f that is illegal in the current source character set (codepage 65001).
F:\Users\walan\Documents\GitHub\Projet-S2-P11\Backup\Super2048\main.cpp(1,1): warning C4828: The file contains a character starting at offset 0x613 that is illegal in the current source character set (codepage 65001).
F:\Users\walan\Documents\GitHub\Projet-S2-P11\Backup\Super2048\Joueur.h(1,1): warning C4828: The file contains a character starting at offset 0xba that is illegal in the current source character set (codepage 65001).
F:\Users\walan\Documents\GitHub\Projet-S2-P11\Backup\Super2048\Joueur.h(1,1): warning C4828: The file contains a character starting at offset 0xc7 that is illegal in the current source character set (codepage 65001).
F:\Users\walan\Documents\GitHub\Projet-S2-P11\Backup\Super2048\tableauTuile.h(1,1): warning C4828: The file contains a character starting at offset 0x13a that is illegal in the current source character set (codepage 65001).
F:\Users\walan\Documents\GitHub\Projet-S2-P11\Backup\Super2048\tableauTuile.h(1,1): warning C4828: The file contains a character starting at offset 0x159 that is illegal in the current source character set (codepage 65001).
F:\Users\walan\Documents\GitHub\Projet-S2-P11\Backup\Super2048\tableauTuile.h(1,1): warning C4828: The file contains a character starting at offset 0x166 that is illegal in the current source character set (codepage 65001).
F:\Users\walan\Documents\GitHub\Projet-S2-P11\Backup\Super2048\tableauTuile.h(1,1): warning C4828: The file contains a character starting at offset 0x178 that is illegal in the current source character set (codepage 65001).
F:\Users\walan\Documents\GitHub\Projet-S2-P11\Backup\Super2048\tuile.h(1,1): warning C4828: The file contains a character starting at offset 0x6e that is illegal in the current source character set (codepage 65001).
  tableauTuile.cpp
F:\Users\walan\Documents\GitHub\Projet-S2-P11\Backup\Super2048\tableauTuile.h(1,1): warning C4828: The file contains a character starting at offset 0x13a that is illegal in the current source character set (codepage 65001).
F:\Users\walan\Documents\GitHub\Projet-S2-P11\Backup\Super2048\tableauTuile.h(1,1): warning C4828: The file contains a character starting at offset 0x159 that is illegal in the current source character set (codepage 65001).
F:\Users\walan\Documents\GitHub\Projet-S2-P11\Backup\Super2048\tableauTuile.h(1,1): warning C4828: The file contains a character starting at offset 0x166 that is illegal in the current source character set (codepage 65001).
F:\Users\walan\Documents\GitHub\Projet-S2-P11\Backup\Super2048\tableauTuile.h(1,1): warning C4828: The file contains a character starting at offset 0x178 that is illegal in the current source character set (codepage 65001).
F:\Users\walan\Documents\GitHub\Projet-S2-P11\Backup\Super2048\tuile.h(1,1): warning C4828: The file contains a character starting at offset 0x6e that is illegal in the current source character set (codepage 65001).
  tuile.cpp
F:\Users\walan\Documents\GitHub\Projet-S2-P11\Backup\Super2048\tuile.h(1,1): warning C4828: The file contains a character starting at offset 0x6e that is illegal in the current source character set (codepage 65001).
  Generating Code...
  Super2048.vcxproj -> F:\Users\walan\Documents\GitHub\Projet-S2-P11\Backup\Super2048\debug\Super2048.exe
