c:\users\canti\desktop\projet-s2-p11\2048-console\debug\vc142.pdb
c:\users\canti\desktop\projet-s2-p11\2048-console\debug\vc142.idb
c:\users\canti\desktop\projet-s2-p11\2048-console\debug\jeu.obj
c:\users\canti\desktop\projet-s2-p11\2048-console\debug\2048-console.obj
c:\users\canti\desktop\projet-s2-p11\2048-console\debug\tableau.obj
f:\users\walan\documents\github\projet-s2-p11\2048-console\debug\vc142.pdb
f:\users\walan\documents\github\projet-s2-p11\2048-console\debug\vc142.idb
f:\users\walan\documents\github\projet-s2-p11\2048-console\debug\tableau.obj
f:\users\walan\documents\github\projet-s2-p11\2048-console\debug\jeu.obj
f:\users\walan\documents\github\projet-s2-p11\2048-console\debug\2048-console.obj
f:\users\walan\documents\github\projet-s2-p11\super2048\debug\vc142.pdb
f:\users\walan\documents\github\projet-s2-p11\super2048\debug\vc142.idb
f:\users\walan\documents\github\projet-s2-p11\super2048\debug\tableau.obj
f:\users\walan\documents\github\projet-s2-p11\super2048\debug\jeu.obj
f:\users\walan\documents\github\projet-s2-p11\super2048\debug\2048-console.obj
c:\users\canti\desktop\projet-s2-p11\2048-console\debug\2048-console.exe
c:\users\canti\desktop\projet-s2-p11\2048-console\debug\2048-console.ilk
c:\users\canti\desktop\projet-s2-p11\2048-console\debug\2048-console.pdb
f:\users\walan\documents\github\projet-s2-p11\2048-console\debug\2048-console.ilk
f:\users\walan\documents\github\projet-s2-p11\2048-console\debug\2048-console.exe
f:\users\walan\documents\github\projet-s2-p11\2048-console\debug\2048-console.pdb
f:\users\walan\documents\github\projet-s2-p11\super2048\debug\2048-console.exe
f:\users\walan\documents\github\projet-s2-p11\super2048\debug\2048-console.ilk
f:\users\walan\documents\github\projet-s2-p11\super2048\debug\2048-console.pdb
f:\users\walan\documents\github\projet-s2-p11\super2048\debug\2048-console.tlog\cl.command.1.tlog
f:\users\walan\documents\github\projet-s2-p11\super2048\debug\2048-console.tlog\cl.read.1.tlog
f:\users\walan\documents\github\projet-s2-p11\super2048\debug\2048-console.tlog\cl.write.1.tlog
f:\users\walan\documents\github\projet-s2-p11\super2048\debug\2048-console.tlog\link.command.1.tlog
f:\users\walan\documents\github\projet-s2-p11\super2048\debug\2048-console.tlog\link.read.1.tlog
f:\users\walan\documents\github\projet-s2-p11\super2048\debug\2048-console.tlog\link.write.1.tlog
