f:\users\walan\documents\github\projet-s2-p11\super2048walan\debug\vc142.pdb
f:\users\walan\documents\github\projet-s2-p11\super2048walan\debug\qrc_resource.obj
f:\users\walan\documents\github\projet-s2-p11\super2048walan\debug\moc_tuile.obj
f:\users\walan\documents\github\projet-s2-p11\super2048walan\debug\moc_affichage.obj
f:\users\walan\documents\github\projet-s2-p11\super2048walan\debug\tuile.obj
f:\users\walan\documents\github\projet-s2-p11\super2048walan\debug\tableau.obj
f:\users\walan\documents\github\projet-s2-p11\super2048walan\debug\joueur.obj
f:\users\walan\documents\github\projet-s2-p11\super2048walan\debug\jeu.obj
f:\users\walan\documents\github\projet-s2-p11\super2048walan\debug\grille.obj
f:\users\walan\documents\github\projet-s2-p11\super2048walan\debug\affichage.obj
f:\users\walan\documents\github\projet-s2-p11\super2048walan\debug\2048-console.obj
f:\users\walan\documents\github\projet-s2-p11\super2048walan\debug\moc_affichage.cpp
f:\users\walan\documents\github\projet-s2-p11\super2048walan\debug\moc_joueur.cpp
f:\users\walan\documents\github\projet-s2-p11\super2048walan\debug\moc_tuile.cpp
f:\users\walan\documents\github\projet-s2-p11\super2048walan\debug\moc_predefs.h
f:\users\walan\documents\github\projet-s2-p11\super2048walan\debug\qrc_resource.cpp
f:\users\walan\documents\github\projet-s2-p11\super2048walan\debug\super2048.tlog\cl.command.1.tlog
f:\users\walan\documents\github\projet-s2-p11\super2048walan\debug\super2048.tlog\cl.read.1.tlog
f:\users\walan\documents\github\projet-s2-p11\super2048walan\debug\super2048.tlog\cl.write.1.tlog
f:\users\walan\documents\github\projet-s2-p11\super2048walan\debug\super2048.tlog\custombuild.command.1.tlog
f:\users\walan\documents\github\projet-s2-p11\super2048walan\debug\super2048.tlog\custombuild.read.1.tlog
f:\users\walan\documents\github\projet-s2-p11\super2048walan\debug\super2048.tlog\custombuild.write.1.tlog
